<?xml version="1.0" encoding="UTF-8"?>
<testsuite xmlns:xsi="http://www.w3.org/2001/XMLSchema-instance" xsi:noNamespaceSchemaLocation="https://maven.apache.org/surefire/maven-surefire-plugin/xsd/surefire-test-report-3.0.xsd" version="3.0" name="TestSuite" time="19.049" tests="19" errors="0" skipped="0" failures="0">
  <properties>
    <property name="java.specification.version" value="18"/>
    <property name="sun.cpu.isalist" value="amd64"/>
    <property name="sun.jnu.encoding" value="Cp1252"/>
    <property name="java.class.path" value="C:\Users\SuperUs\Documents\Java.Projects\mavenProject\target\test-classes;C:\Users\SuperUs\Documents\Java.Projects\mavenProject\target\classes;C:\Users\SuperUs\.m2\repository\org\testng\testng\7.10.1\testng-7.10.1.jar;C:\Users\SuperUs\.m2\repository\org\slf4j\slf4j-api\1.7.36\slf4j-api-1.7.36.jar;C:\Users\SuperUs\.m2\repository\com\beust\jcommander\1.82\jcommander-1.82.jar;C:\Users\SuperUs\.m2\repository\org\webjars\jquery\3.7.1\jquery-3.7.1.jar;C:\Users\SuperUs\.m2\repository\org\apache\logging\log4j\log4j-core\2.23.1\log4j-core-2.23.1.jar;C:\Users\SuperUs\.m2\repository\org\apache\logging\log4j\log4j-api\2.23.1\log4j-api-2.23.1.jar;C:\Users\SuperUs\.m2\repository\com\github\javafaker\javafaker\1.0.2\javafaker-1.0.2.jar;C:\Users\SuperUs\.m2\repository\org\apache\commons\commons-lang3\3.5\commons-lang3-3.5.jar;C:\Users\SuperUs\.m2\repository\org\yaml\snakeyaml\1.23\snakeyaml-1.23-android.jar;C:\Users\SuperUs\.m2\repository\com\github\mifmif\generex\1.0.2\generex-1.0.2.jar;C:\Users\SuperUs\.m2\repository\dk\brics\automaton\automaton\1.11-8\automaton-1.11-8.jar;C:\Users\SuperUs\.m2\repository\com\github\ozlerhakan\poiji\4.4.0\poiji-4.4.0.jar;C:\Users\SuperUs\.m2\repository\org\apache\poi\poi-ooxml\5.2.5\poi-ooxml-5.2.5.jar;C:\Users\SuperUs\.m2\repository\org\apache\poi\poi\5.2.5\poi-5.2.5.jar;C:\Users\SuperUs\.m2\repository\commons-codec\commons-codec\1.16.0\commons-codec-1.16.0.jar;C:\Users\SuperUs\.m2\repository\org\apache\commons\commons-math3\3.6.1\commons-math3-3.6.1.jar;C:\Users\SuperUs\.m2\repository\com\zaxxer\SparseBitSet\1.3\SparseBitSet-1.3.jar;C:\Users\SuperUs\.m2\repository\org\apache\poi\poi-ooxml-lite\5.2.5\poi-ooxml-lite-5.2.5.jar;C:\Users\SuperUs\.m2\repository\org\apache\xmlbeans\xmlbeans\5.2.0\xmlbeans-5.2.0.jar;C:\Users\SuperUs\.m2\repository\org\apache\commons\commons-compress\1.25.0\commons-compress-1.25.0.jar;C:\Users\SuperUs\.m2\repository\commons-io\commons-io\2.15.0\commons-io-2.15.0.jar;C:\Users\SuperUs\.m2\repository\com\github\virtuald\curvesapi\1.08\curvesapi-1.08.jar;C:\Users\SuperUs\.m2\repository\org\apache\commons\commons-collections4\4.4\commons-collections4-4.4.jar;C:\Users\SuperUs\.m2\repository\com\fasterxml\jackson\core\jackson-databind\2.17.0\jackson-databind-2.17.0.jar;C:\Users\SuperUs\.m2\repository\com\fasterxml\jackson\core\jackson-annotations\2.17.0\jackson-annotations-2.17.0.jar;C:\Users\SuperUs\.m2\repository\com\fasterxml\jackson\core\jackson-core\2.17.0\jackson-core-2.17.0.jar;C:\Users\SuperUs\.m2\repository\net\bytebuddy\byte-buddy\1.14.9\byte-buddy-1.14.9.jar;C:\Users\SuperUs\.m2\repository\io\qameta\allure\allure-testng\2.27.0\allure-testng-2.27.0.jar;C:\Users\SuperUs\.m2\repository\io\qameta\allure\allure-java-commons\2.27.0\allure-java-commons-2.27.0.jar;C:\Users\SuperUs\.m2\repository\io\qameta\allure\allure-model\2.27.0\allure-model-2.27.0.jar;C:\Users\SuperUs\.m2\repository\io\qameta\allure\allure-test-filter\2.27.0\allure-test-filter-2.27.0.jar;"/>
    <property name="java.vm.vendor" value="Oracle Corporation"/>
    <property name="sun.arch.data.model" value="64"/>
    <property name="user.variant" value=""/>
    <property name="java.vendor.url" value="https://java.oracle.com/"/>
    <property name="user.timezone" value="America/Bogota"/>
    <property name="os.name" value="Windows 10"/>
    <property name="java.vm.specification.version" value="18"/>
    <property name="sun.java.launcher" value="SUN_STANDARD"/>
    <property name="user.country" value="CO"/>
    <property name="sun.boot.library.path" value="C:\Program Files\Java\jdk-18.0.1.1\bin"/>
    <property name="sun.java.command" value="C:\Users\SuperUs\AppData\Local\Temp\surefire16050322012588163744\surefirebooter11866528166027729562.jar C:\Users\SuperUs\AppData\Local\Temp\surefire16050322012588163744 2024-04-18T22-09-06_475-jvmRun1 surefire1288116000649055219tmp surefire_011534804992187440332tmp"/>
    <property name="jdk.debug" value="release"/>
    <property name="surefire.test.class.path" value="C:\Users\SuperUs\Documents\Java.Projects\mavenProject\target\test-classes;C:\Users\SuperUs\Documents\Java.Projects\mavenProject\target\classes;C:\Users\SuperUs\.m2\repository\org\testng\testng\7.10.1\testng-7.10.1.jar;C:\Users\SuperUs\.m2\repository\org\slf4j\slf4j-api\1.7.36\slf4j-api-1.7.36.jar;C:\Users\SuperUs\.m2\repository\com\beust\jcommander\1.82\jcommander-1.82.jar;C:\Users\SuperUs\.m2\repository\org\webjars\jquery\3.7.1\jquery-3.7.1.jar;C:\Users\SuperUs\.m2\repository\org\apache\logging\log4j\log4j-core\2.23.1\log4j-core-2.23.1.jar;C:\Users\SuperUs\.m2\repository\org\apache\logging\log4j\log4j-api\2.23.1\log4j-api-2.23.1.jar;C:\Users\SuperUs\.m2\repository\com\github\javafaker\javafaker\1.0.2\javafaker-1.0.2.jar;C:\Users\SuperUs\.m2\repository\org\apache\commons\commons-lang3\3.5\commons-lang3-3.5.jar;C:\Users\SuperUs\.m2\repository\org\yaml\snakeyaml\1.23\snakeyaml-1.23-android.jar;C:\Users\SuperUs\.m2\repository\com\github\mifmif\generex\1.0.2\generex-1.0.2.jar;C:\Users\SuperUs\.m2\repository\dk\brics\automaton\automaton\1.11-8\automaton-1.11-8.jar;C:\Users\SuperUs\.m2\repository\com\github\ozlerhakan\poiji\4.4.0\poiji-4.4.0.jar;C:\Users\SuperUs\.m2\repository\org\apache\poi\poi-ooxml\5.2.5\poi-ooxml-5.2.5.jar;C:\Users\SuperUs\.m2\repository\org\apache\poi\poi\5.2.5\poi-5.2.5.jar;C:\Users\SuperUs\.m2\repository\commons-codec\commons-codec\1.16.0\commons-codec-1.16.0.jar;C:\Users\SuperUs\.m2\repository\org\apache\commons\commons-math3\3.6.1\commons-math3-3.6.1.jar;C:\Users\SuperUs\.m2\repository\com\zaxxer\SparseBitSet\1.3\SparseBitSet-1.3.jar;C:\Users\SuperUs\.m2\repository\org\apache\poi\poi-ooxml-lite\5.2.5\poi-ooxml-lite-5.2.5.jar;C:\Users\SuperUs\.m2\repository\org\apache\xmlbeans\xmlbeans\5.2.0\xmlbeans-5.2.0.jar;C:\Users\SuperUs\.m2\repository\org\apache\commons\commons-compress\1.25.0\commons-compress-1.25.0.jar;C:\Users\SuperUs\.m2\repository\commons-io\commons-io\2.15.0\commons-io-2.15.0.jar;C:\Users\SuperUs\.m2\repository\com\github\virtuald\curvesapi\1.08\curvesapi-1.08.jar;C:\Users\SuperUs\.m2\repository\org\apache\commons\commons-collections4\4.4\commons-collections4-4.4.jar;C:\Users\SuperUs\.m2\repository\com\fasterxml\jackson\core\jackson-databind\2.17.0\jackson-databind-2.17.0.jar;C:\Users\SuperUs\.m2\repository\com\fasterxml\jackson\core\jackson-annotations\2.17.0\jackson-annotations-2.17.0.jar;C:\Users\SuperUs\.m2\repository\com\fasterxml\jackson\core\jackson-core\2.17.0\jackson-core-2.17.0.jar;C:\Users\SuperUs\.m2\repository\net\bytebuddy\byte-buddy\1.14.9\byte-buddy-1.14.9.jar;C:\Users\SuperUs\.m2\repository\io\qameta\allure\allure-testng\2.27.0\allure-testng-2.27.0.jar;C:\Users\SuperUs\.m2\repository\io\qameta\allure\allure-java-commons\2.27.0\allure-java-commons-2.27.0.jar;C:\Users\SuperUs\.m2\repository\io\qameta\allure\allure-model\2.27.0\allure-model-2.27.0.jar;C:\Users\SuperUs\.m2\repository\io\qameta\allure\allure-test-filter\2.27.0\allure-test-filter-2.27.0.jar;"/>
    <property name="sun.cpu.endian" value="little"/>
    <property name="user.home" value="C:\Users\SuperUs"/>
    <property name="user.language" value="es"/>
    <property name="java.specification.vendor" value="Oracle Corporation"/>
    <property name="java.version.date" value="2022-04-22"/>
    <property name="java.home" value="C:\Program Files\Java\jdk-18.0.1.1"/>
    <property name="file.separator" value="\"/>
    <property name="basedir" value="C:\Users\SuperUs\Documents\Java.Projects\mavenProject"/>
    <property name="java.vm.compressedOopsMode" value="32-bit"/>
    <property name="line.separator" value="&#10;"/>
    <property name="java.vm.specification.vendor" value="Oracle Corporation"/>
    <property name="java.specification.name" value="Java Platform API Specification"/>
    <property name="surefire.real.class.path" value="C:\Users\SuperUs\AppData\Local\Temp\surefire16050322012588163744\surefirebooter11866528166027729562.jar"/>
    <property name="user.script" value=""/>
    <property name="sun.management.compiler" value="HotSpot 64-Bit Tiered Compilers"/>
    <property name="java.runtime.version" value="18.0.1.1+2-6"/>
    <property name="user.name" value="SuperUs"/>
    <property name="path.separator" value=";"/>
    <property name="os.version" value="10.0"/>
    <property name="java.runtime.name" value="Java(TM) SE Runtime Environment"/>
    <property name="file.encoding" value="UTF-8"/>
    <property name="java.vm.name" value="Java HotSpot(TM) 64-Bit Server VM"/>
    <property name="localRepository" value="C:\Users\SuperUs\.m2\repository"/>
    <property name="java.vendor.url.bug" value="https://bugreport.java.com/bugreport/"/>
    <property name="java.io.tmpdir" value="C:\Users\SuperUs\AppData\Local\Temp\"/>
    <property name="java.version" value="18.0.1.1"/>
    <property name="user.dir" value="C:\Users\SuperUs\Documents\Java.Projects\mavenProject"/>
    <property name="os.arch" value="amd64"/>
    <property name="groups" value="regression"/>
    <property name="java.vm.specification.name" value="Java Virtual Machine Specification"/>
    <property name="sun.os.patch.level" value=""/>
    <property name="native.encoding" value="Cp1252"/>
    <property name="java.library.path" value="C:\Program Files\Java\jdk-18.0.1.1\bin;C:\WINDOWS\Sun\Java\bin;C:\WINDOWS\system32;C:\WINDOWS;C:\Users\SuperUs\bin;C:\Program Files\Git\mingw64\bin;C:\Program Files\Git\usr\local\bin;C:\Program Files\Git\usr\bin;C:\Program Files\Git\usr\bin;C:\Program Files\Git\mingw64\bin;C:\Program Files\Git\usr\bin;C:\Users\SuperUs\bin;C:\Program Files\Common Files\Oracle\Java\javapath;C:\WINDOWS\system32;C:\WINDOWS;C:\WINDOWS\System32\Wbem;C:\WINDOWS\System32\WindowsPowerShell\v1.0;C:\WINDOWS\System32\OpenSSH;C:\Program Files\Git\cmd;C:\Program Files\nodejs;C:\Program Files\Microsoft SQL Server\150\Tools\Binn;C:\Program Files\Microsoft SQL Server\Client SDK\ODBC\170\Tools\Binn;C:\Program Files\dotnet;C:\Program Files\apache-maven-3.9.6\bin;%MAVEN_HOME%\bin;C:\Program Files\MySQL\MySQL Shell 8.0\bin;C:\Users\SuperUs\AppData\Local\Microsoft\WindowsApps;C:\Users\SuperUs\AppData\Local\Programs\Microsoft VS Code\bin;C:\Users\SuperUs\AppData\Roaming\npm;C:\Users\SuperUs\.dotnet\tools;C:\Program Files\Git\usr\bin\vendor_perl;C:\Program Files\Git\usr\bin\core_perl;."/>
    <property name="java.vm.info" value="mixed mode, sharing"/>
    <property name="java.vendor" value="Oracle Corporation"/>
    <property name="java.vm.version" value="18.0.1.1+2-6"/>
    <property name="sun.io.unicode.encoding" value="UnicodeLittle"/>
    <property name="java.class.version" value="62.0"/>
  </properties>
  <testcase name="fifthTest[&#10;{&#10;    name: TOLOSA&#10;    age: 5&#10;    weight: 1,97&#10;    gender: HEMBRA&#10;    type: AIRE&#10;    level: 90&#10;}&#10;](1)" classname="principal.ExcelMonsterTests" time="0.216">
    <system-err><![CDATA[SLF4J: Failed to load class "org.slf4j.impl.StaticLoggerBinder".
SLF4J: Defaulting to no-operation (NOP) logger implementation
SLF4J: See http://www.slf4j.org/codes.html#StaticLoggerBinder for further details.
]]></system-err>
  </testcase>
  <testcase name="fifthTest[&#10;{&#10;    name: COROMINAS&#10;    age: 1&#10;    weight: 2,31&#10;    gender: HEMBRA&#10;    type: AGUA&#10;    level: 74&#10;}&#10;](2)" classname="principal.ExcelMonsterTests" time="0.01"/>
  <testcase name="fifthTest[&#10;{&#10;    name: ARNAIZ&#10;    age: 5&#10;    weight: 2,27&#10;    gender: HEMBRA&#10;    type: FUEGO&#10;    level: 22&#10;}&#10;](3)" classname="principal.ExcelMonsterTests" time="0.034"/>
  <testcase name="fifthTest[&#10;{&#10;    name: CABEZAS&#10;    age: 2&#10;    weight: 2,05&#10;    gender: HEMBRA&#10;    type: FUEGO&#10;    level: 5&#10;}&#10;](4)" classname="principal.ExcelMonsterTests" time="0.015"/>
  <testcase name="fifthTest[&#10;{&#10;    name: SALCEDO&#10;    age: 2&#10;    weight: 6,87&#10;    gender: MACHO&#10;    type: PLANTA&#10;    level: 4&#10;}&#10;](5)" classname="principal.ExcelMonsterTests" time="0.017"/>
  <testcase name="fifthTest[&#10;{&#10;    name: VAQUERO&#10;    age: 4&#10;    weight: 3,36&#10;    gender: MACHO&#10;    type: AGUA&#10;    level: 15&#10;}&#10;](6)" classname="principal.ExcelMonsterTests" time="0.018"/>
  <testcase name="fifthTest[&#10;{&#10;    name: REYES&#10;    age: 3&#10;    weight: 5,87&#10;    gender: MACHO&#10;    type: FUEGO&#10;    level: 33&#10;}&#10;](7)" classname="principal.ExcelMonsterTests" time="0.008"/>
  <testcase name="fifthTest[&#10;{&#10;    name: GALLO&#10;    age: 5&#10;    weight: 8,37&#10;    gender: MACHO&#10;    type: PLANTA&#10;    level: 81&#10;}&#10;](8)" classname="principal.ExcelMonsterTests" time="0.008"/>
  <testcase name="fifthTest[&#10;{&#10;    name: VICENS&#10;    age: 5&#10;    weight: 8,99&#10;    gender: MACHO&#10;    type: AGUA&#10;    level: 75&#10;}&#10;](9)" classname="principal.ExcelMonsterTests" time="0.026"/>
  <testcase name="fifthTest[&#10;{&#10;    name: SEVILLANO&#10;    age: 5&#10;    weight: 8,22&#10;    gender: HEMBRA&#10;    type: ELECTRICO&#10;    level: 28&#10;}&#10;](10)" classname="principal.ExcelMonsterTests" time="0.023"/>
  <testcase name="fifthTest[&#10;{&#10;    name: ARIZA&#10;    age: 5&#10;    weight: 7,03&#10;    gender: MACHO&#10;    type: ELECTRICO&#10;    level: 63&#10;}&#10;](11)" classname="principal.ExcelMonsterTests" time="0.013"/>
  <testcase name="fifthTest[&#10;{&#10;    name: DE VERDU&#10;    age: 1&#10;    weight: 8,99&#10;    gender: HEMBRA&#10;    type: FUEGO&#10;    level: 48&#10;}&#10;](12)" classname="principal.ExcelMonsterTests" time="0.012"/>
  <testcase name="fifthTest[&#10;{&#10;    name: UGARTE&#10;    age: 1&#10;    weight: 9,62&#10;    gender: HEMBRA&#10;    type: PLANTA&#10;    level: 99&#10;}&#10;](13)" classname="principal.ExcelMonsterTests" time="0.013"/>
  <testcase name="fifthTest[&#10;{&#10;    name: LUCENA&#10;    age: 3&#10;    weight: 8,57&#10;    gender: MACHO&#10;    type: PLANTA&#10;    level: 36&#10;}&#10;](14)" classname="principal.ExcelMonsterTests" time="0.011"/>
  <testcase name="firstTest" classname="principal.ExcelMonsterTests" time="0.021"/>
  <testcase name="fourthTest" classname="principal.ExcelMonsterTests" time="0.022"/>
  <testcase name="thirdTest" classname="principal.ExcelMonsterTests" time="0.011"/>
  <testcase name="fourthTest" classname="principal.JsonUserTests" time="0.011"/>
  <testcase name="secondTest" classname="principal.JsonUserTests" time="0.011"/>
</testsuite>