<?xml version="1.0" encoding="UTF-8"?>
<!-- Generated by org.testng.reporters.JUnitReportReporter -->
<testsuite hostname="DESKTOP-R51P3IL" failures="0" tests="1" name="automation.saucedemo.ShoppingTests" time="5.788" errors="0" timestamp="2024-05-06T21:20:40 COT" skipped="0">
  <testcase classname="automation.saucedemo.ShoppingTests" name="verifyShoppingPageTest" time="5.788"/>
</testsuite> <!-- automation.saucedemo.ShoppingTests -->
