<?xml version="1.0" encoding="UTF-8"?>
<!-- Generated by org.testng.reporters.JUnitReportReporter -->
<testsuite hostname="DESKTOP-R51P3IL" failures="0" tests="2" name="principal.JsonUserTests" time="1.279" errors="0" timestamp="2024-04-18T22:09:30 COT" skipped="0">
  <testcase classname="principal.JsonUserTests" name="secondTest" time="1.238"/>
  <testcase classname="principal.JsonUserTests" name="fourthTest" time="0.041"/>
</testsuite> <!-- principal.JsonUserTests -->
