<?xml version="1.0" encoding="UTF-8"?>
<!-- Generated by org.testng.reporters.JUnitReportReporter -->
<testsuite hostname="DESKTOP-R51P3IL" failures="0" tests="2" name="automation.saucedemo.ItemDetailsTests" time="13.149" errors="0" timestamp="2024-05-06T21:20:40 COT" skipped="0">
  <testcase classname="automation.saucedemo.ItemDetailsTests" name="backToProductsTest" time="6.652"/>
  <testcase classname="automation.saucedemo.ItemDetailsTests" name="itemDetailsTest" time="6.497"/>
</testsuite> <!-- automation.saucedemo.ItemDetailsTests -->
