<?xml version="1.0" encoding="UTF-8"?>
<!-- Generated by org.testng.reporters.JUnitReportReporter -->
<testsuite hostname="DESKTOP-R51P3IL" failures="0" tests="9" name="automation.SauceDemoTests" time="64.323" errors="0" timestamp="2024-04-28T20:20:31 COT" skipped="0">
  <testcase classname="automation.SauceDemoTests" name="itemDetailTest" time="6.618"/>
  <testcase classname="automation.SauceDemoTests" name="selectPriceTest" time="6.488"/>
  <testcase classname="automation.SauceDemoTests" name="aboutLinkTest" time="7.523"/>
  <testcase classname="automation.SauceDemoTests" name="invalidUserTest" time="5.505"/>
  <testcase classname="automation.SauceDemoTests" name="facebookLinkTest" time="6.131"/>
  <testcase classname="automation.SauceDemoTests" name="linkedinLinkTest" time="6.322"/>
  <testcase classname="automation.SauceDemoTests" name="logoutTest" time="12.393"/>
  <testcase classname="automation.SauceDemoTests" name="validUserTest" time="5.824"/>
  <testcase classname="automation.SauceDemoTests" name="selectDescendingTest" time="7.519"/>
</testsuite> <!-- automation.SauceDemoTests -->
