<?xml version="1.0" encoding="UTF-8"?>
<!-- Generated by org.testng.reporters.JUnitReportReporter -->
<testsuite hostname="DESKTOP-R51P3IL" failures="0" tests="2" name="automation.saucedemo.BurgerMenuTests" time="23.946" errors="0" timestamp="2024-05-06T21:20:40 COT" skipped="0">
  <testcase classname="automation.saucedemo.BurgerMenuTests" name="aboutButtonTest" time="16.952"/>
  <testcase classname="automation.saucedemo.BurgerMenuTests" name="logoutTest" time="6.994"/>
</testsuite> <!-- automation.saucedemo.BurgerMenuTests -->
