<?xml version="1.0" encoding="UTF-8"?>
<!-- Generated by org.testng.reporters.JUnitReportReporter -->
<testsuite hostname="DESKTOP-R51P3IL" failures="0" tests="17" name="principal.ExcelMonsterTests" time="3.002" errors="0" timestamp="2024-04-18T22:09:30 COT" skipped="0">
  <testcase classname="principal.ExcelMonsterTests" name="fourthTest" time="0.132"/>
  <testcase classname="principal.ExcelMonsterTests" name="fifthTest" time="0.193"/>
  <testcase classname="principal.ExcelMonsterTests" name="fifthTest" time="0.135"/>
  <testcase classname="principal.ExcelMonsterTests" name="fifthTest" time="0.138"/>
  <testcase classname="principal.ExcelMonsterTests" name="firstTest" time="0.242"/>
  <testcase classname="principal.ExcelMonsterTests" name="fifthTest" time="0.082"/>
  <testcase classname="principal.ExcelMonsterTests" name="fifthTest" time="0.271"/>
  <testcase classname="principal.ExcelMonsterTests" name="fifthTest" time="0.143"/>
  <testcase classname="principal.ExcelMonsterTests" name="thirdTest" time="0.122"/>
  <testcase classname="principal.ExcelMonsterTests" name="fifthTest" time="0.144"/>
  <testcase classname="principal.ExcelMonsterTests" name="fifthTest" time="0.311"/>
  <testcase classname="principal.ExcelMonsterTests" name="fifthTest" time="0.093"/>
  <testcase classname="principal.ExcelMonsterTests" name="fifthTest" time="0.263"/>
  <testcase classname="principal.ExcelMonsterTests" name="fifthTest" time="0.207"/>
  <testcase classname="principal.ExcelMonsterTests" name="fifthTest" time="0.176"/>
  <testcase classname="principal.ExcelMonsterTests" name="fifthTest" time="0.059"/>
  <testcase classname="principal.ExcelMonsterTests" name="fifthTest" time="0.291"/>
</testsuite> <!-- principal.ExcelMonsterTests -->
