<?xml version="1.0" encoding="UTF-8"?>
<!-- Generated by org.testng.reporters.JUnitReportReporter -->
<testsuite hostname="DESKTOP-R51P3IL" failures="0" tests="1" name="automation.saucedemo.FooterTests" time="6.032" errors="0" timestamp="2024-05-06T21:20:40 COT" skipped="0">
  <testcase classname="automation.saucedemo.FooterTests" name="socialMediaLinksTest" time="6.032"/>
</testsuite> <!-- automation.saucedemo.FooterTests -->
